[2025-04-30 18:56:07][INFO] Qt 系统监视器启动
 [2025-04-30 18:56:07][INFO] 尝试连接到共享内存...
 [2025-04-30 18:56:07][WARNING] 未能启用 SeCreateGlobalPrivilege 权限，错误代码: 1300 (错误代码: 1300)
 [2025-04-30 18:56:07][WARNING] 尝试继续执行，但可能无法创建全局共享内存
[2025-04-30 18:56:07][WARNING] 全局共享内存创建失败，尝试创建局部共享内存
 [2025-04-30 18:56:07][INFO] 已连接到现有共享内存
 [2025-04-30 18:56:07][INFO] 共享内存初始化完成
[2025-04-30 18:56:07][INFO] 成功连接到共享内存
﻿[2025-04-30 19:10:32][INFO] Qt 系统监视器启动
 [2025-04-30 19:10:32][INFO] 尝试连接到共享内存...
 [2025-04-30 19:10:32][WARNING] 未能启用 SeCreateGlobalPrivilege 权限，错误代码: 1300 (错误代码: 1300)
 [2025-04-30 19:10:32][WARNING] 尝试继续执行，但可能无法创建全局共享内存
[2025-04-30 19:10:32][WARNING] 全局共享内存创建失败，尝试创建局部共享内存
 [2025-04-30 19:10:32][INFO] 已连接到现有共享内存
 [2025-04-30 19:10:32][INFO] 共享内存初始化完成
[2025-04-30 19:10:32][INFO] 成功连接到共享内存
﻿[2025-04-30 19:20:23][INFO] Qt 系统监视器启动
 [2025-04-30 19:20:23][INFO] 尝试连接到共享内存...
 [2025-04-30 19:20:23][WARNING] 未能启用 SeCreateGlobalPrivilege 权限，错误代码: 1300 (错误代码: 1300)
 [2025-04-30 19:20:23][WARNING] 尝试继续执行，但可能无法创建全局共享内存
[2025-04-30 19:20:23][WARNING] 全局共享内存创建失败，尝试创建局部共享内存
 [2025-04-30 19:20:23][INFO] 已连接到现有共享内存
 [2025-04-30 19:20:23][INFO] 共享内存初始化完成
[2025-04-30 19:20:23][INFO] 成功连接到共享内存
﻿[2025-04-30 20:44:12][INFO] Qt 系统监视器启动
 [2025-04-30 20:44:12][INFO] 尝试连接到共享内存...
 [2025-04-30 20:44:12][WARNING] 未能启用 SeCreateGlobalPrivilege 权限，错误代码: 1300 (错误代码: 1300)
 [2025-04-30 20:44:12][WARNING] 尝试继续执行，但可能无法创建全局共享内存
[2025-04-30 20:44:12][WARNING] 全局共享内存创建失败，尝试创建局部共享内存
 [2025-04-30 20:44:12][INFO] 已连接到现有共享内存
 [2025-04-30 20:44:12][INFO] 共享内存初始化完成
[2025-04-30 20:44:12][INFO] 成功连接到共享内存
[2025-04-30 20:44:25][INFO] 共享内存已清理
[2025-04-30 20:44:25][INFO] Qt 系统监视器关闭
 ﻿[2025-04-30 20:44:29][INFO] Qt 系统监视器启动
 [2025-04-30 20:44:29][INFO] 尝试连接到共享内存...
 [2025-04-30 20:44:29][WARNING] 未能启用 SeCreateGlobalPrivilege 权限，错误代码: 1300 (错误代码: 1300)
 [2025-04-30 20:44:29][WARNING] 尝试继续执行，但可能无法创建全局共享内存
[2025-04-30 20:44:29][WARNING] 全局共享内存创建失败，尝试创建局部共享内存
 [2025-04-30 20:44:29][INFO] 已连接到现有共享内存
 [2025-04-30 20:44:29][INFO] 共享内存初始化完成
[2025-04-30 20:44:29][INFO] 成功连接到共享内存
[2025-04-30 20:44:46][INFO] 共享内存已清理
[2025-04-30 20:44:46][INFO] Qt 系统监视器关闭
 ﻿[2025-04-30 22:13:02][INFO] Qt 系统监视器启动
 [2025-04-30 22:13:02][INFO] 尝试连接到共享内存...
 [2025-04-30 22:13:02][WARNING] 未能启用 SeCreateGlobalPrivilege 权限，错误代码: 1300 (错误代码: 1300)
 [2025-04-30 22:13:02][WARNING] 尝试继续执行，但可能无法创建全局共享内存
[2025-04-30 22:13:02][WARNING] 全局共享内存创建失败，尝试创建局部共享内存
 [2025-04-30 22:13:02][INFO] 已创建新的共享内存
[2025-04-30 22:13:02][INFO] 共享内存互斥锁初始化完成
 [2025-04-30 22:13:02][INFO] 共享内存初始化完成
[2025-04-30 22:13:02][INFO] 成功连接到共享内存
﻿[2025-04-30 22:57:04][INFO] Qt 系统监视器启动
 [2025-04-30 22:57:04][INFO] 尝试连接到共享内存...
 [2025-04-30 22:57:04][WARNING] 未能启用 SeCreateGlobalPrivilege 权限，错误代码: 1300 (错误代码: 1300)
 [2025-04-30 22:57:04][WARNING] 尝试继续执行，但可能无法创建全局共享内存
[2025-04-30 22:57:04][WARNING] 全局共享内存创建失败，尝试创建局部共享内存
 [2025-04-30 22:57:04][INFO] 已连接到现有共享内存
 [2025-04-30 22:57:04][INFO] 共享内存初始化完成
[2025-04-30 22:57:04][INFO] 成功连接到共享内存
﻿[2025-05-01 00:32:24][INFO] Qt 系统监视器启动
 [2025-05-01 00:32:24][INFO] 尝试连接到共享内存...
 [2025-05-01 00:32:24][WARNING] 未能启用 SeCreateGlobalPrivilege 权限，错误代码: 1300 (错误代码: 1300)
 [2025-05-01 00:32:24][WARNING] 尝试继续执行，但可能无法创建全局共享内存
[2025-05-01 00:32:24][WARNING] 全局共享内存创建失败，尝试创建局部共享内存
 [2025-05-01 00:32:24][INFO] 已连接到现有共享内存
 [2025-05-01 00:32:24][INFO] 共享内存初始化完成
[2025-05-01 00:32:24][INFO] 成功连接到共享内存
﻿[2025-05-01 10:12:34][INFO] Qt 系统监视器启动
 [2025-05-01 10:12:34][INFO] 尝试连接到共享内存...
 [2025-05-01 10:12:34][WARNING] 未能启用 SeCreateGlobalPrivilege 权限，错误代码: 1300 (错误代码: 1300)
 [2025-05-01 10:12:34][WARNING] 尝试继续执行，但可能无法创建全局共享内存
[2025-05-01 10:12:34][WARNING] 全局共享内存创建失败，尝试创建局部共享内存
 [2025-05-01 10:12:34][INFO] 已连接到现有共享内存
 [2025-05-01 10:12:34][INFO] 共享内存初始化完成
[2025-05-01 10:12:34][INFO] 成功连接到共享内存
﻿[2025-05-01 10:13:59][INFO] Qt 系统监视器启动
 [2025-05-01 10:13:59][INFO] 尝试连接到共享内存...
 [2025-05-01 10:13:59][WARNING] 未能启用 SeCreateGlobalPrivilege 权限，错误代码: 1300 (错误代码: 1300)
 [2025-05-01 10:13:59][WARNING] 尝试继续执行，但可能无法创建全局共享内存
[2025-05-01 10:13:59][WARNING] 全局共享内存创建失败，尝试创建局部共享内存
 [2025-05-01 10:13:59][INFO] 已连接到现有共享内存
 [2025-05-01 10:13:59][INFO] 共享内存初始化完成
[2025-05-01 10:13:59][INFO] 成功连接到共享内存
﻿[2025-05-01 10:16:16][INFO] Qt 系统监视器启动
 [2025-05-01 10:16:16][INFO] 尝试连接到共享内存...
 [2025-05-01 10:16:16][WARNING] 未能启用 SeCreateGlobalPrivilege 权限，错误代码: 1300 (错误代码: 1300)
 [2025-05-01 10:16:16][WARNING] 尝试继续执行，但可能无法创建全局共享内存
[2025-05-01 10:16:16][WARNING] 全局共享内存创建失败，尝试创建局部共享内存
 [2025-05-01 10:16:16][INFO] 已连接到现有共享内存
 [2025-05-01 10:16:16][INFO] 共享内存初始化完成
[2025-05-01 10:16:16][INFO] 成功连接到共享内存
﻿[2025-05-01 10:20:04][INFO] Qt 系统监视器启动
 [2025-05-01 10:20:04][INFO] 尝试连接到共享内存...
 [2025-05-01 10:20:04][WARNING] 未能启用 SeCreateGlobalPrivilege 权限，错误代码: 1300 (错误代码: 1300)
 [2025-05-01 10:20:04][WARNING] 尝试继续执行，但可能无法创建全局共享内存
[2025-05-01 10:20:04][WARNING] 全局共享内存创建失败，尝试创建局部共享内存
 [2025-05-01 10:20:04][INFO] 已连接到现有共享内存
 [2025-05-01 10:20:04][INFO] 共享内存初始化完成
[2025-05-01 10:20:04][INFO] 成功连接到共享内存
﻿[2025-05-01 10:23:05][INFO] Qt 系统监视器启动
 [2025-05-01 10:23:05][INFO] 尝试连接到共享内存...
 [2025-05-01 10:23:05][WARNING] 未能启用 SeCreateGlobalPrivilege 权限，错误代码: 1300 (错误代码: 1300)
 [2025-05-01 10:23:05][WARNING] 尝试继续执行，但可能无法创建全局共享内存
[2025-05-01 10:23:05][WARNING] 全局共享内存创建失败，尝试创建局部共享内存
 [2025-05-01 10:23:05][INFO] 已连接到现有共享内存
 [2025-05-01 10:23:05][INFO] 共享内存初始化完成
[2025-05-01 10:23:05][INFO] 成功连接到共享内存
[2025-05-01 10:23:27][INFO] 共享内存已清理
[2025-05-01 10:23:27][INFO] Qt 系统监视器关闭
 ﻿[2025-05-01 12:20:01][INFO] Qt 系统监视器启动
 [2025-05-01 12:20:01][INFO] 尝试连接到共享内存...
 [2025-05-01 12:20:01][INFO] 已具有 SeCreateGlobalPrivilege 权限
 [2025-05-01 12:20:01][INFO] 已连接到现有共享内存
 [2025-05-01 12:20:01][INFO] 共享内存初始化完成
[2025-05-01 12:20:01][INFO] 成功连接到共享内存
﻿[2025-05-01 13:02:38][INFO] Qt 系统监视器启动
 [2025-05-01 13:02:38][INFO] 尝试连接到共享内存...
 [2025-05-01 13:02:38][INFO] 已具有 SeCreateGlobalPrivilege 权限
 [2025-05-01 13:02:38][INFO] 已连接到现有共享内存
 [2025-05-01 13:02:38][INFO] 共享内存初始化完成
[2025-05-01 13:02:38][INFO] 成功连接到共享内存
﻿[2025-05-01 15:38:59][INFO] Qt 系统监视器启动
 [2025-05-01 15:38:59][INFO] 尝试连接到共享内存...
 [2025-05-01 15:38:59][INFO] 已具有 SeCreateGlobalPrivilege 权限
 [2025-05-01 15:38:59][INFO] 已创建新的共享内存
[2025-05-01 15:38:59][INFO] 共享内存互斥锁初始化完成
 [2025-05-01 15:38:59][INFO] 共享内存初始化完成
[2025-05-01 15:38:59][INFO] 成功连接到共享内存
﻿[2025-05-01 15:45:00][INFO] Qt 系统监视器启动
 [2025-05-01 15:45:00][INFO] 尝试连接到共享内存...
 [2025-05-01 15:45:00][INFO] 已具有 SeCreateGlobalPrivilege 权限
 [2025-05-01 15:45:00][INFO] 已连接到现有共享内存
 [2025-05-01 15:45:00][INFO] 共享内存初始化完成
[2025-05-01 15:45:00][INFO] 成功连接到共享内存
﻿[2025-05-01 20:57:23][INFO] Qt 系统监视器启动
 [2025-05-01 20:57:23][INFO] 尝试连接到共享内存...
 [2025-05-01 20:57:23][INFO] 已具有 SeCreateGlobalPrivilege 权限
 [2025-05-01 20:57:23][INFO] 已连接到现有共享内存
 [2025-05-01 20:57:23][INFO] 共享内存初始化完成
[2025-05-01 20:57:23][INFO] 成功连接到共享内存
﻿[2025-05-01 20:57:47][INFO] Qt 系统监视器启动
 [2025-05-01 20:57:47][INFO] 尝试连接到共享内存...
 [2025-05-01 20:57:47][INFO] 已具有 SeCreateGlobalPrivilege 权限
 [2025-05-01 20:57:47][INFO] 已连接到现有共享内存
 [2025-05-01 20:57:47][INFO] 共享内存初始化完成
[2025-05-01 20:57:47][INFO] 成功连接到共享内存
﻿[2025-05-02 00:23:04][INFO] Qt 系统监视器启动
 [2025-05-02 00:23:04][INFO] 尝试连接到共享内存...
 [2025-05-02 00:23:04][INFO] 检测到管理员权限，尝试启用 SeCreateGlobalPrivilege。
 [2025-05-02 00:23:04][INFO] 已具有 SeCreateGlobalPrivilege 权限
 [2025-05-02 00:23:04][INFO] 已连接到现有共享内存
 [2025-05-02 00:23:04][INFO] 共享内存初始化完成
[2025-05-02 00:23:04][INFO] 成功连接到共享内存
[2025-05-02 00:23:16][INFO] 共享内存已清理
[2025-05-02 00:23:16][INFO] Qt 系统监视器关闭
 ﻿[2025-05-02 00:24:41][INFO] Qt 系统监视器启动
 [2025-05-02 00:24:41][INFO] 尝试连接到共享内存...
 [2025-05-02 00:24:41][INFO] 检测到管理员权限，尝试启用 SeCreateGlobalPrivilege。
 [2025-05-02 00:24:41][INFO] 已具有 SeCreateGlobalPrivilege 权限
 [2025-05-02 00:24:41][INFO] 已创建新的共享内存
[2025-05-02 00:24:41][INFO] 共享内存互斥锁初始化完成
 [2025-05-02 00:24:41][INFO] 共享内存初始化完成
[2025-05-02 00:24:41][INFO] 成功连接到共享内存
﻿[2025-05-02 10:04:23][INFO] Qt 系统监视器启动
 [2025-05-02 10:04:23][INFO] 尝试连接到共享内存...
 [2025-05-02 10:04:23][WARNING] 未检测到管理员权限，直接使用本地共享内存。
 [2025-05-02 10:04:23][WARNING] 全局共享内存创建失败，尝试创建局部共享内存
 [2025-05-02 10:04:23][INFO] 已创建新的共享内存
[2025-05-02 10:04:23][INFO] 共享内存互斥锁初始化完成
 [2025-05-02 10:04:23][INFO] 共享内存初始化完成
[2025-05-02 10:04:23][INFO] 成功连接到共享内存
﻿[2025-05-02 10:07:39][INFO] Qt 系统监视器启动
 [2025-05-02 10:07:39][INFO] 尝试连接到共享内存...
 [2025-05-02 10:07:39][WARNING] 未检测到管理员权限，直接使用本地共享内存。
 [2025-05-02 10:07:39][WARNING] 全局共享内存创建失败，尝试创建局部共享内存
 [2025-05-02 10:07:39][INFO] 已连接到现有共享内存
 [2025-05-02 10:07:39][INFO] 共享内存初始化完成
[2025-05-02 10:07:39][INFO] 成功连接到共享内存
﻿[2025-05-02 11:31:56][INFO] Qt 系统监视器启动
 [2025-05-02 11:31:56][INFO] 尝试连接到共享内存...
 [2025-05-02 11:31:56][WARNING] 未检测到管理员权限，直接使用本地共享内存。
 [2025-05-02 11:31:56][WARNING] 全局共享内存创建失败，尝试创建局部共享内存
 [2025-05-02 11:31:56][INFO] 已连接到现有共享内存
 [2025-05-02 11:31:56][INFO] 共享内存初始化完成
[2025-05-02 11:31:56][INFO] 成功连接到共享内存
﻿[2025-05-02 16:24:51][INFO] Qt 系统监视器启动
 [2025-05-02 16:24:51][INFO] 尝试连接到共享内存...
 [2025-05-02 16:24:51][WARNING] 未检测到管理员权限，直接使用本地共享内存。
 [2025-05-02 16:24:51][WARNING] 全局共享内存创建失败，尝试创建局部共享内存
 [2025-05-02 16:24:51][INFO] 已创建新的共享内存
[2025-05-02 16:24:51][INFO] 共享内存互斥锁初始化完成
 [2025-05-02 16:24:51][INFO] 共享内存初始化完成
[2025-05-02 16:24:51][INFO] 成功连接到共享内存
﻿[2025-05-02 18:39:53][INFO] Qt 系统监视器启动
 [2025-05-02 18:39:53][INFO] 尝试连接到共享内存...
 [2025-05-02 18:39:53][WARNING] 未检测到管理员权限，尝试使用全局共享内存。
 [2025-05-02 18:39:53][WARNING] 全局共享内存创建失败，尝试创建局部共享内存
 [2025-05-02 18:39:53][INFO] 已创建新的共享内存
[2025-05-02 18:39:53][INFO] 共享内存互斥锁初始化完成
 [2025-05-02 18:39:53][INFO] 共享内存初始化完成
[2025-05-02 18:39:53][INFO] 成功连接到共享内存
﻿[2025-05-02 21:44:55][INFO] Qt 系统监视器启动
 [2025-05-02 21:44:55][INFO] 尝试连接到共享内存...
 [2025-05-02 21:44:55][WARNING] 未检测到管理员权限，尝试使用全局共享内存。
 [2025-05-02 21:44:55][WARNING] 全局共享内存创建失败，尝试创建局部共享内存
 [2025-05-02 21:44:55][INFO] 已创建新的共享内存
[2025-05-02 21:44:55][INFO] 共享内存互斥锁初始化完成
 [2025-05-02 21:44:55][INFO] 共享内存初始化完成
[2025-05-02 21:44:55][INFO] 成功连接到共享内存
﻿[2025-05-02 21:51:13][INFO] Qt 系统监视器启动
 [2025-05-02 21:51:13][INFO] 尝试连接到共享内存...
 [2025-05-02 21:51:13][WARNING] 未检测到管理员权限，尝试使用全局共享内存。
 [2025-05-02 21:51:13][WARNING] 全局共享内存创建失败，尝试创建局部共享内存
 [2025-05-02 21:51:13][INFO] 已连接到现有共享内存
 [2025-05-02 21:51:13][INFO] 共享内存初始化完成
[2025-05-02 21:51:13][INFO] 成功连接到共享内存
﻿[2025-05-02 21:52:56][INFO] Qt 系统监视器启动
 [2025-05-02 21:52:56][INFO] 尝试连接到共享内存...
 [2025-05-02 21:52:56][WARNING] 未检测到管理员权限，尝试使用全局共享内存。
 [2025-05-02 21:52:56][WARNING] 全局共享内存创建失败，尝试创建局部共享内存
 [2025-05-02 21:52:56][INFO] 已连接到现有共享内存
 [2025-05-02 21:52:56][INFO] 共享内存初始化完成
[2025-05-02 21:52:56][INFO] 成功连接到共享内存
﻿[2025-05-02 21:53:55][INFO] Qt 系统监视器启动
 [2025-05-02 21:53:55][INFO] 尝试连接到共享内存...
 [2025-05-02 21:53:55][WARNING] 未检测到管理员权限，尝试使用全局共享内存。
 [2025-05-02 21:53:55][WARNING] 全局共享内存创建失败，尝试创建局部共享内存
 [2025-05-02 21:53:55][INFO] 已连接到现有共享内存
 [2025-05-02 21:53:55][INFO] 共享内存初始化完成
[2025-05-02 21:53:55][INFO] 成功连接到共享内存
﻿[2025-05-02 22:34:27][INFO] Qt 系统监视器启动
 [2025-05-02 22:34:27][INFO] 尝试连接到共享内存...
 [2025-05-02 22:34:27][WARNING] 未检测到管理员权限，尝试使用全局共享内存。
 [2025-05-02 22:34:27][WARNING] 全局共享内存创建失败，尝试创建局部共享内存
 [2025-05-02 22:34:27][INFO] 已连接到现有共享内存
 [2025-05-02 22:34:27][INFO] 共享内存初始化完成
[2025-05-02 22:34:27][INFO] 成功连接到共享内存
﻿[2025-05-02 22:55:18][INFO] Qt 系统监视器启动
 [2025-05-02 22:55:18][INFO] 尝试连接到共享内存...
 [2025-05-02 22:55:18][WARNING] 未检测到管理员权限，尝试使用全局共享内存。
 [2025-05-02 22:55:18][WARNING] 全局共享内存创建失败，尝试创建局部共享内存
 [2025-05-02 22:55:18][INFO] 已连接到现有共享内存
 [2025-05-02 22:55:18][INFO] 共享内存初始化完成
[2025-05-02 22:55:18][INFO] 成功连接到共享内存
﻿[2025-05-02 22:56:27][INFO] Qt 系统监视器启动
 [2025-05-02 22:56:27][INFO] 尝试连接到共享内存...
 [2025-05-02 22:56:27][WARNING] 未检测到管理员权限，尝试使用全局共享内存。
 [2025-05-02 22:56:27][WARNING] 全局共享内存创建失败，尝试创建局部共享内存
 [2025-05-02 22:56:27][INFO] 已连接到现有共享内存
 [2025-05-02 22:56:27][INFO] 共享内存初始化完成
[2025-05-02 22:56:27][INFO] 成功连接到共享内存
[2025-05-02 22:56:33][INFO] 共享内存已清理
[2025-05-02 22:56:33][INFO] Qt 系统监视器关闭
 ﻿[2025-05-02 22:57:58][INFO] Qt 系统监视器启动
 [2025-05-02 22:57:58][INFO] 尝试连接到共享内存...
 [2025-05-02 22:57:58][WARNING] 未检测到管理员权限，尝试使用全局共享内存。
 [2025-05-02 22:57:58][WARNING] 全局共享内存创建失败，尝试创建局部共享内存
 [2025-05-02 22:57:58][INFO] 已连接到现有共享内存
 [2025-05-02 22:57:58][INFO] 共享内存初始化完成
[2025-05-02 22:57:58][INFO] 成功连接到共享内存
﻿[2025-05-02 22:58:31][INFO] Qt 系统监视器启动
 [2025-05-02 22:58:31][INFO] 尝试连接到共享内存...
 [2025-05-02 22:58:31][WARNING] 未检测到管理员权限，尝试使用全局共享内存。
 [2025-05-02 22:58:31][WARNING] 全局共享内存创建失败，尝试创建局部共享内存
 [2025-05-02 22:58:31][INFO] 已连接到现有共享内存
 [2025-05-02 22:58:31][INFO] 共享内存初始化完成
[2025-05-02 22:58:31][INFO] 成功连接到共享内存
﻿[2025-05-02 22:59:03][INFO] Qt 系统监视器启动
 [2025-05-02 22:59:03][INFO] 尝试连接到共享内存...
 [2025-05-02 22:59:03][WARNING] 未检测到管理员权限，尝试使用全局共享内存。
 [2025-05-02 22:59:03][WARNING] 全局共享内存创建失败，尝试创建局部共享内存
 [2025-05-02 22:59:03][INFO] 已连接到现有共享内存
 [2025-05-02 22:59:03][INFO] 共享内存初始化完成
[2025-05-02 22:59:03][INFO] 成功连接到共享内存
﻿[2025-05-02 22:59:38][INFO] Qt 系统监视器启动
 [2025-05-02 22:59:38][INFO] 尝试连接到共享内存...
 [2025-05-02 22:59:38][WARNING] 未检测到管理员权限，尝试使用全局共享内存。
 [2025-05-02 22:59:38][WARNING] 全局共享内存创建失败，尝试创建局部共享内存
 [2025-05-02 22:59:38][INFO] 已连接到现有共享内存
 [2025-05-02 22:59:38][INFO] 共享内存初始化完成
[2025-05-02 22:59:38][INFO] 成功连接到共享内存
﻿[2025-05-02 23:11:31][INFO] Qt 系统监视器启动
 [2025-05-02 23:11:31][INFO] 尝试连接到共享内存...
 [2025-05-02 23:11:31][WARNING] 未检测到管理员权限，尝试使用全局共享内存。
 [2025-05-02 23:11:31][WARNING] 全局共享内存创建失败，尝试创建局部共享内存
 [2025-05-02 23:11:31][INFO] 已连接到现有共享内存
 [2025-05-02 23:11:31][INFO] 共享内存初始化完成
[2025-05-02 23:11:31][INFO] 成功连接到共享内存
﻿[2025-05-02 23:15:04][INFO] Qt 系统监视器启动
 [2025-05-02 23:15:04][INFO] 尝试连接到共享内存...
 [2025-05-02 23:15:04][WARNING] 未检测到管理员权限，尝试使用全局共享内存。
 [2025-05-02 23:15:04][WARNING] 全局共享内存创建失败，尝试创建局部共享内存
 [2025-05-02 23:15:04][INFO] 已创建新的共享内存
[2025-05-02 23:15:04][INFO] 共享内存互斥锁初始化完成
 [2025-05-02 23:15:04][INFO] 共享内存初始化完成
[2025-05-02 23:15:04][INFO] 成功连接到共享内存
﻿[2025-05-02 23:17:54][INFO] Qt 系统监视器启动
 [2025-05-02 23:17:54][INFO] 尝试连接到共享内存...
 [2025-05-02 23:17:54][WARNING] 未检测到管理员权限，尝试使用全局共享内存。
 [2025-05-02 23:17:54][WARNING] 全局共享内存创建失败，尝试创建局部共享内存
 [2025-05-02 23:17:54][INFO] 已创建新的共享内存
[2025-05-02 23:17:54][INFO] 共享内存互斥锁初始化完成
 [2025-05-02 23:17:54][INFO] 共享内存初始化完成
[2025-05-02 23:17:54][INFO] 成功连接到共享内存
﻿[2025-05-02 23:20:40][INFO] Qt 系统监视器启动
 [2025-05-02 23:20:40][INFO] 尝试连接到共享内存...
 [2025-05-02 23:20:40][WARNING] 未检测到管理员权限，尝试使用全局共享内存。
 [2025-05-02 23:20:40][WARNING] 全局共享内存创建失败，尝试创建局部共享内存
 [2025-05-02 23:20:40][INFO] 已连接到现有共享内存
 [2025-05-02 23:20:40][INFO] 共享内存初始化完成
[2025-05-02 23:20:40][INFO] 成功连接到共享内存
﻿[2025-05-03 16:18:11][INFO] Qt 系统监视器启动
 [2025-05-03 16:18:11][INFO] 尝试连接到共享内存...
 [2025-05-03 16:18:11][WARNING] 未检测到管理员权限，尝试使用全局共享内存。
 [2025-05-03 16:18:11][WARNING] 全局共享内存创建失败，尝试创建局部共享内存
 [2025-05-03 16:18:11][INFO] 已连接到现有共享内存
 [2025-05-03 16:18:11][INFO] 共享内存初始化完成
[2025-05-03 16:18:11][INFO] 成功连接到共享内存
[2025-05-03 16:18:19][INFO] 共享内存已清理
[2025-05-03 16:18:19][INFO] Qt 系统监视器关闭
 ﻿[2025-05-03 16:22:17][INFO] Qt 系统监视器启动
 [2025-05-03 16:22:17][INFO] 尝试连接到共享内存...
 [2025-05-03 16:22:17][WARNING] 未检测到管理员权限，尝试使用全局共享内存。
 [2025-05-03 16:22:17][WARNING] 全局共享内存创建失败，尝试创建局部共享内存
 [2025-05-03 16:22:17][INFO] 已连接到现有共享内存
 [2025-05-03 16:22:17][INFO] 共享内存初始化完成
[2025-05-03 16:22:17][INFO] 成功连接到共享内存
﻿[2025-05-03 16:22:47][INFO] Qt 系统监视器启动
 [2025-05-03 16:22:47][INFO] 尝试连接到共享内存...
 [2025-05-03 16:22:47][WARNING] 未检测到管理员权限，尝试使用全局共享内存。
 [2025-05-03 16:22:47][WARNING] 全局共享内存创建失败，尝试创建局部共享内存
 [2025-05-03 16:22:47][INFO] 已连接到现有共享内存
 [2025-05-03 16:22:47][INFO] 共享内存初始化完成
[2025-05-03 16:22:47][INFO] 成功连接到共享内存
﻿[2025-05-03 16:23:43][INFO] Qt 系统监视器启动
 [2025-05-03 16:23:43][INFO] 尝试连接到共享内存...
 [2025-05-03 16:23:43][WARNING] 未检测到管理员权限，尝试使用全局共享内存。
 [2025-05-03 16:23:43][WARNING] 全局共享内存创建失败，尝试创建局部共享内存
 [2025-05-03 16:23:43][INFO] 已连接到现有共享内存
 [2025-05-03 16:23:43][INFO] 共享内存初始化完成
[2025-05-03 16:23:43][INFO] 成功连接到共享内存
﻿[2025-05-03 16:26:10][INFO] Qt 系统监视器启动
 [2025-05-03 16:26:10][INFO] 尝试连接到共享内存...
 [2025-05-03 16:26:10][WARNING] 未检测到管理员权限，尝试使用全局共享内存。
 [2025-05-03 16:26:10][WARNING] 全局共享内存创建失败，尝试创建局部共享内存
 [2025-05-03 16:26:10][INFO] 已连接到现有共享内存
 [2025-05-03 16:26:10][INFO] 共享内存初始化完成
[2025-05-03 16:26:10][INFO] 成功连接到共享内存
﻿[2025-05-03 16:27:22][INFO] Qt 系统监视器启动
 [2025-05-03 16:27:22][INFO] 尝试连接到共享内存...
 [2025-05-03 16:27:22][WARNING] 未检测到管理员权限，尝试使用全局共享内存。
 [2025-05-03 16:27:22][WARNING] 全局共享内存创建失败，尝试创建局部共享内存
 [2025-05-03 16:27:22][INFO] 已连接到现有共享内存
 [2025-05-03 16:27:22][INFO] 共享内存初始化完成
[2025-05-03 16:27:22][INFO] 成功连接到共享内存
﻿[2025-05-03 16:42:01][INFO] Qt 系统监视器启动
 [2025-05-03 16:42:01][INFO] 尝试连接到共享内存...
 [2025-05-03 16:42:01][WARNING] 未检测到管理员权限，尝试使用全局共享内存。
 [2025-05-03 16:42:01][WARNING] 全局共享内存创建失败，尝试创建局部共享内存
 [2025-05-03 16:42:01][INFO] 已连接到现有共享内存
 [2025-05-03 16:42:01][INFO] 共享内存初始化完成
[2025-05-03 16:42:01][INFO] 成功连接到共享内存
﻿[2025-05-03 16:58:02][INFO] Qt 系统监视器启动
 [2025-05-03 16:58:02][INFO] 尝试连接到共享内存...
 [2025-05-03 16:58:02][WARNING] 未检测到管理员权限，尝试使用全局共享内存。
 [2025-05-03 16:58:02][WARNING] 全局共享内存创建失败，尝试创建局部共享内存
 [2025-05-03 16:58:02][INFO] 已连接到现有共享内存
 [2025-05-03 16:58:02][INFO] 共享内存初始化完成
[2025-05-03 16:58:02][INFO] 成功连接到共享内存
﻿[2025-05-03 17:01:35][INFO] Qt 系统监视器启动
 [2025-05-03 17:01:35][INFO] 尝试连接到共享内存...
 [2025-05-03 17:01:35][WARNING] 未检测到管理员权限，尝试使用全局共享内存。
 [2025-05-03 17:01:35][WARNING] 全局共享内存创建失败，尝试创建局部共享内存
 [2025-05-03 17:01:35][INFO] 已连接到现有共享内存
 [2025-05-03 17:01:35][INFO] 共享内存初始化完成
[2025-05-03 17:01:35][INFO] 成功连接到共享内存
﻿[2025-05-03 17:04:26][INFO] Qt 系统监视器启动
 [2025-05-03 17:04:26][INFO] 尝试连接到共享内存...
 [2025-05-03 17:04:26][WARNING] 未检测到管理员权限，尝试使用全局共享内存。
 [2025-05-03 17:04:26][WARNING] 全局共享内存创建失败，尝试创建局部共享内存
 [2025-05-03 17:04:26][INFO] 已连接到现有共享内存
 [2025-05-03 17:04:26][INFO] 共享内存初始化完成
[2025-05-03 17:04:26][INFO] 成功连接到共享内存
﻿[2025-05-03 17:05:29][INFO] Qt 系统监视器启动
 [2025-05-03 17:05:29][INFO] 尝试连接到共享内存...
 [2025-05-03 17:05:29][WARNING] 未检测到管理员权限，尝试使用全局共享内存。
 [2025-05-03 17:05:29][WARNING] 全局共享内存创建失败，尝试创建局部共享内存
 [2025-05-03 17:05:29][INFO] 已连接到现有共享内存
 [2025-05-03 17:05:29][INFO] 共享内存初始化完成
[2025-05-03 17:05:29][INFO] 成功连接到共享内存
[2025-05-03 17:05:37][INFO] 共享内存已清理
[2025-05-03 17:05:37][INFO] Qt 系统监视器关闭
 ﻿[2025-05-03 17:06:28][INFO] Qt 系统监视器启动
 [2025-05-03 17:06:28][INFO] 尝试连接到共享内存...
 [2025-05-03 17:06:28][WARNING] 未检测到管理员权限，尝试使用全局共享内存。
 [2025-05-03 17:06:28][WARNING] 全局共享内存创建失败，尝试创建局部共享内存
 [2025-05-03 17:06:28][INFO] 已连接到现有共享内存
 [2025-05-03 17:06:28][INFO] 共享内存初始化完成
[2025-05-03 17:06:28][INFO] 成功连接到共享内存
﻿[2025-05-03 17:57:57][INFO] Qt 系统监视器启动
 [2025-05-03 17:57:57][INFO] 尝试连接到共享内存...
 [2025-05-03 17:57:57][WARNING] 未检测到管理员权限，尝试使用全局共享内存。
 [2025-05-03 17:57:57][WARNING] 全局共享内存创建失败，尝试创建局部共享内存
 [2025-05-03 17:57:57][INFO] 已创建新的共享内存
[2025-05-03 17:57:57][INFO] 共享内存互斥锁初始化完成
 [2025-05-03 17:57:57][INFO] 共享内存初始化完成
[2025-05-03 17:57:57][INFO] 成功连接到共享内存
﻿[2025-05-03 18:11:57][INFO] Qt 系统监视器启动
 [2025-05-03 18:11:57][INFO] 尝试连接到共享内存...
 [2025-05-03 18:11:57][WARNING] 未检测到管理员权限，尝试使用全局共享内存。
 [2025-05-03 18:11:57][WARNING] 全局共享内存创建失败，尝试创建局部共享内存
 [2025-05-03 18:11:57][INFO] 已连接到现有共享内存
 [2025-05-03 18:11:57][INFO] 共享内存初始化完成
[2025-05-03 18:11:57][INFO] 成功连接到共享内存
﻿[2025-05-03 20:10:38][INFO] Qt 系统监视器启动
 [2025-05-03 20:10:38][INFO] 尝试连接到共享内存...
 [2025-05-03 20:10:38][WARNING] 未检测到管理员权限，尝试使用全局共享内存。
 [2025-05-03 20:10:38][WARNING] 全局共享内存创建失败，尝试创建局部共享内存
 [2025-05-03 20:10:38][INFO] 已连接到现有共享内存
 [2025-05-03 20:10:38][INFO] 共享内存初始化完成
[2025-05-03 20:10:38][INFO] 成功连接到共享内存
﻿[2025-05-03 20:11:53][INFO] Qt 系统监视器启动
 [2025-05-03 20:11:53][INFO] 尝试连接到共享内存...
 [2025-05-03 20:11:53][WARNING] 未检测到管理员权限，尝试使用全局共享内存。
 [2025-05-03 20:11:53][WARNING] 全局共享内存创建失败，尝试创建局部共享内存
 [2025-05-03 20:11:53][INFO] 已连接到现有共享内存
 [2025-05-03 20:11:53][INFO] 共享内存初始化完成
[2025-05-03 20:11:53][INFO] 成功连接到共享内存
[2025-05-03 20:12:18][INFO] 共享内存已清理
[2025-05-03 20:12:18][INFO] Qt 系统监视器关闭
 ﻿[2025-05-03 20:28:17][INFO] Qt 系统监视器启动
 [2025-05-03 20:28:17][INFO] 尝试连接到共享内存...
 [2025-05-03 20:28:17][WARNING] 未检测到管理员权限，尝试使用全局共享内存。
 [2025-05-03 20:28:17][WARNING] 全局共享内存创建失败，尝试创建局部共享内存
 [2025-05-03 20:28:17][INFO] 已创建新的共享内存
[2025-05-03 20:28:17][INFO] 共享内存互斥锁初始化完成
 [2025-05-03 20:28:17][INFO] 共享内存初始化完成
[2025-05-03 20:28:17][INFO] 成功连接到共享内存
﻿[2025-05-04 09:47:49][INFO] Qt 系统监视器启动
 [2025-05-04 09:47:49][INFO] 尝试连接到共享内存...
 [2025-05-04 09:47:49][WARNING] 未检测到管理员权限，尝试使用全局共享内存。
 [2025-05-04 09:47:49][WARNING] 全局共享内存创建失败，尝试创建局部共享内存
 [2025-05-04 09:47:49][INFO] 已创建新的共享内存
[2025-05-04 09:47:49][INFO] 共享内存互斥锁初始化完成
 [2025-05-04 09:47:49][INFO] 共享内存初始化完成
[2025-05-04 09:47:49][INFO] 成功连接到共享内存
﻿[2025-05-04 16:34:57][INFO] Qt 系统监视器启动
 [2025-05-04 16:34:57][INFO] 尝试连接到共享内存...
 [2025-05-04 16:34:57][WARNING] 未检测到管理员权限，尝试使用全局共享内存。
 [2025-05-04 16:34:57][WARNING] 全局共享内存创建失败，尝试创建局部共享内存
 [2025-05-04 16:34:57][INFO] 已连接到现有共享内存
 [2025-05-04 16:34:57][INFO] 共享内存初始化完成
[2025-05-04 16:34:57][INFO] 成功连接到共享内存
